<?xml version="1.0" encoding="UTF-8"?>
<testsuite xmlns:xsi="http://www.w3.org/2001/XMLSchema-instance" xsi:noNamespaceSchemaLocation="https://maven.apache.org/surefire/maven-surefire-plugin/xsd/surefire-test-report.xsd" version="3.0.2" name="com.anju.integration.ApiFunctionalTest" time="20.24" tests="16" errors="0" skipped="0" failures="0">
  <properties>
[...]
</properties>
  <testcase name="testGetProperties_requiresAuthentication" classname="com.anju.integration.ApiFunctionalTest" time="0.163"/>
  <testcase name="testGetProperties_withAdminBasicAuth_shouldReturn200" classname="com.anju.integration.ApiFunctionalTest" time="3.686"/>
  <testcase name="testCreateAppointment_missingFields_shouldReturn400" classname="com.anju.integration.ApiFunctionalTest" time="0.362"/>
  <testcase name="testFinanceAccess_forbiddenForStaffRole" classname="com.anju.integration.ApiFunctionalTest" time="0.563"/>
  <testcase name="testFinanceBookkeeping_idempotencyReplayReturnsSameTransaction" classname="com.anju.integration.ApiFunctionalTest" time="1.015"/>
  <testcase name="testFinanceExceptionAndStatementExportFlows" classname="com.anju.integration.ApiFunctionalTest" time="1.471"/>
  <testcase name="testAppointmentGetById_notFoundReturns404" classname="com.anju.integration.ApiFunctionalTest" time="0.282"/>
  <testcase name="testFinanceGetByTransactionNo_notFoundReturns404" classname="com.anju.integration.ApiFunctionalTest" time="0.293"/>
  <testcase name="testFinanceMarkException_repeatReturns409" classname="com.anju.integration.ApiFunctionalTest" time="1.006"/>
  <testcase name="testFileOwnership_idorReturns403" classname="com.anju.integration.ApiFunctionalTest" time="0.968"/>
  <testcase name="testFinanceCreate_withInvalidSecondaryPassword_returns403" classname="com.anju.integration.ApiFunctionalTest" time="0.484"/>
  <testcase name="testPropertyComplianceReview_withInvalidSecondaryPassword_returns403" classname="com.anju.integration.ApiFunctionalTest" time="0.999"/>
  <testcase name="testFinanceBookkeeping_missingAmount_shouldReturn400" classname="com.anju.integration.ApiFunctionalTest" time="0.234"/>
  <testcase name="testCreateProperty_missingCode_shouldReturn400" classname="com.anju.integration.ApiFunctionalTest" time="0.229"/>
  <testcase name="testFinanceCreate_missingSecondaryPasswordHeader_shouldReturn400" classname="com.anju.integration.ApiFunctionalTest" time="0.219"/>
  <testcase name="testRegister_withAdminRole_roleIsDowngradedToStaff" classname="com.anju.integration.ApiFunctionalTest" time="0.285"/>
</testsuite>